<?xml version="1.0" encoding="UTF-8"?>
<testsuites name="Login Test Suite" time="90.722" tests="3" failures="2" errors="0">
   <testsuite name="Login Test Suite" tests="3" failures="2" errors="0" time="90.722" skipped="0" timestamp="24-02-2025T00:39:28" hostname="herdi - Alief" id="Test Suites/Login Test Suite">
      <properties>
         <property name="deviceName" value=""/>
         <property name="devicePlatform"/>
         <property name="logFolder" value="D:\\Katalon Project\\Git\\KATALON-BOOKCART\\Reports\\20250224_003923\\Login Test Suite\\20250224_003923"/>
         <property name="logFiles" value="D:\\Katalon Project\\Git\\KATALON-BOOKCART\\Reports\\20250224_003923\\Login Test Suite\\20250224_003923\\execution0.log"/>
         <property name="attachments" value="D:\\Katalon Project\\Git\\KATALON-BOOKCART\\Reports\\20250224_003923\\Login Test Suite\\20250224_003923\\1740332384803.png, D:\\Katalon Project\\Git\\KATALON-BOOKCART\\Reports\\20250224_003923\\Login Test Suite\\20250224_003923\\1740332384974.png, D:\\Katalon Project\\Git\\KATALON-BOOKCART\\Reports\\20250224_003923\\Login Test Suite\\20250224_003923\\1740332395418.png, D:\\Katalon Project\\Git\\KATALON-BOOKCART\\Reports\\20250224_003923\\Login Test Suite\\20250224_003923\\1740332395576.png, D:\\Katalon Project\\Git\\KATALON-BOOKCART\\Reports\\20250224_003923\\Login Test Suite\\20250224_003923\\1740332406253.png, D:\\Katalon Project\\Git\\KATALON-BOOKCART\\Reports\\20250224_003923\\Login Test Suite\\20250224_003923\\1740332406404.png, D:\\Katalon Project\\Git\\KATALON-BOOKCART\\Reports\\20250224_003923\\Login Test Suite\\20250224_003923\\1740332416809.png, D:\\Katalon Project\\Git\\KATALON-BOOKCART\\Reports\\20250224_003923\\Login Test Suite\\20250224_003923\\1740332416959.png, D:\\Katalon Project\\Git\\KATALON-BOOKCART\\Reports\\20250224_003923\\Login Test Suite\\20250224_003923\\1740332427327.png, D:\\Katalon Project\\Git\\KATALON-BOOKCART\\Reports\\20250224_003923\\Login Test Suite\\20250224_003923\\1740332427465.png, D:\\Katalon Project\\Git\\KATALON-BOOKCART\\Reports\\20250224_003923\\Login Test Suite\\20250224_003923\\1740332437960.png, D:\\Katalon Project\\Git\\KATALON-BOOKCART\\Reports\\20250224_003923\\Login Test Suite\\20250224_003923\\1740332438099.png, D:\\Katalon Project\\Git\\KATALON-BOOKCART\\Reports\\20250224_003923\\Login Test Suite\\20250224_003923\\1740332448480.png, D:\\Katalon Project\\Git\\KATALON-BOOKCART\\Reports\\20250224_003923\\Login Test Suite\\20250224_003923\\1740332448611.png, D:\\Katalon Project\\Git\\KATALON-BOOKCART\\Reports\\20250224_003923\\Login Test Suite\\20250224_003923\\1740332459023.png, D:\\Katalon Project\\Git\\KATALON-BOOKCART\\Reports\\20250224_003923\\Login Test Suite\\20250224_003923\\1740332459164.png"/>
         <property name="hostName" value="herdi - Alief"/>
         <property name="os" value="Windows 11 64bit"/>
         <property name="katalonVersion" value="10.1.0.223"/>
         <property name="browser" value="Chrome 133.0.6943.127"/>
         <property name="hostAddress" value="192.168.18.82"/>
         <property name="sessionId" value="dc2ec9225dd93955f586d646da6aaf58"/>
         <property name="seleniumVersion" value="4.22.0"/>
         <property name="proxyInformation" value="ProxyInformation { proxyOption=NO_PROXY, proxyServerType=HTTP, username=, password=********, proxyServerAddress=, proxyServerPort=0, executionList=&quot;&quot;, isApplyToDesiredCapabilities=true }"/>
         <property name="platform" value="Windows 11"/>
      </properties>
      <testcase name="Test Cases/Scenario/02. Login/SC02TC001 Succces Login" time="5.955" classname="Test Cases/Scenario/02. Login/SC02TC001 Succces Login" status="PASSED">
         <properties>
            <property name="data_binding"><![CDATA[{"password":"TCdEHGtpZOAOScmyNwFgOw\u003d\u003d","username":"ableh1"}]]></property>
         </properties>
         <system-out><![CDATA[24-02-2025T00:39:28 - [TEST_CASE][PASSED] - Test Cases/Scenario/02. Login/SC02TC001 Succces Login: Test Cases/Scenario/02. Login/SC02TC001 Succces Login

24-02-2025T00:39:28 - [TEST_STEP][PASSED] - callTestCase(findTestCase("Blocks/Browser/Open Browser"), [:], STOP_ON_FAILURE): Call Test Case 'Test Cases/Blocks/Browser/Open Browser' successfully

24-02-2025T00:39:28 - [TEST_CASE][PASSED] - Test Cases/Blocks/Browser/Open Browser: Test Cases/Blocks/Browser/Open Browser

24-02-2025T00:39:28 - [TEST_STEP][PASSED] - openBrowser(""): Browser is opened with url: ''

24-02-2025T00:39:29 - [MESSAGE][INFO] - Starting 'Chrome' driver

24-02-2025T00:39:29 - [MESSAGE][INFO] - Action delay is set to 0 milliseconds

24-02-2025T00:39:30 - [MESSAGE][PASSED] - Browser is opened with url: ''

24-02-2025T00:39:30 - [MESSAGE][PASSED] - Call Test Case 'Test Cases/Blocks/Browser/Open Browser' successfully

24-02-2025T00:39:30 - [TEST_STEP][PASSED] - callTestCase(findTestCase("Blocks/Browser/Maximize Window"), [:], STOP_ON_FAILURE): Call Test Case 'Test Cases/Blocks/Browser/Maximize Window' successfully

24-02-2025T00:39:30 - [TEST_CASE][PASSED] - Test Cases/Blocks/Browser/Maximize Window: Test Cases/Blocks/Browser/Maximize Window

24-02-2025T00:39:30 - [TEST_STEP][PASSED] - maximizeWindow(): Current window maximized

24-02-2025T00:39:30 - [MESSAGE][PASSED] - Current window maximized

24-02-2025T00:39:30 - [MESSAGE][PASSED] - Call Test Case 'Test Cases/Blocks/Browser/Maximize Window' successfully

24-02-2025T00:39:30 - [TEST_STEP][PASSED] - callTestCase(findTestCase("Blocks/Browser/Navigate to URL"), [:], STOP_ON_FAILURE): Call Test Case 'Test Cases/Blocks/Browser/Navigate to URL' successfully

24-02-2025T00:39:30 - [TEST_CASE][PASSED] - Test Cases/Blocks/Browser/Navigate to URL: Test Cases/Blocks/Browser/Navigate to URL

24-02-2025T00:39:30 - [TEST_STEP][PASSED] - navigateToUrl(URL): Navigate to 'https://bookcart.azurewebsites.net/' successfully

24-02-2025T00:39:31 - [MESSAGE][PASSED] - Navigate to 'https://bookcart.azurewebsites.net/' successfully

24-02-2025T00:39:31 - [MESSAGE][PASSED] - Call Test Case 'Test Cases/Blocks/Browser/Navigate to URL' successfully

24-02-2025T00:39:31 - [TEST_STEP][PASSED] - click(findTestObject("Header/span_Login")): Object: 'Object Repository/Header/span_Login' is clicked on

24-02-2025T00:39:32 - [MESSAGE][PASSED] - Object: 'Object Repository/Header/span_Login' is clicked on

24-02-2025T00:39:32 - [TEST_STEP][PASSED] - waitForElementPresent(findTestObject("Login Page/mat-card-title_Login"), 0): Object 'Object Repository/Login Page/mat-card-title_Login' is present

24-02-2025T00:39:32 - [MESSAGE][WARNING] - Timeout '0' is invalid. Using default page load timeout: '30'

24-02-2025T00:39:32 - [MESSAGE][PASSED] - Object 'Object Repository/Login Page/mat-card-title_Login' is present

24-02-2025T00:39:32 - [TEST_STEP][PASSED] - setText(findTestObject("Login Page/input_Username"), username): Text 'ableh1' is set on object 'Object Repository/Login Page/input_Username'

24-02-2025T00:39:33 - [MESSAGE][PASSED] - Text 'ableh1' is set on object 'Object Repository/Login Page/input_Username'

24-02-2025T00:39:33 - [TEST_STEP][PASSED] - setEncryptedText(findTestObject("Login Page/input_Password"), password): Text ****** has been set on object 'Object Repository/Login Page/input_Password'

24-02-2025T00:39:33 - [MESSAGE][PASSED] - Text ****** has been set on object 'Object Repository/Login Page/input_Password'

24-02-2025T00:39:33 - [TEST_STEP][PASSED] - waitForElementClickable(findTestObject("Header/span_Login"), 10, STOP_ON_FAILURE): Object 'Object Repository/Header/span_Login' is clickable

24-02-2025T00:39:34 - [MESSAGE][PASSED] - Object 'Object Repository/Header/span_Login' is clickable

24-02-2025T00:39:34 - [TEST_STEP][PASSED] - click(findTestObject("Login Page/span_Login")): Object: 'Object Repository/Login Page/span_Login' is clicked on

24-02-2025T00:39:34 - [MESSAGE][PASSED] - Object: 'Object Repository/Login Page/span_Login' is clicked on

24-02-2025T00:39:34 - [TEST_STEP][PASSED] - verifyElementPresent(findTestObject("Header/span_Profile"), 5): Object 'Object Repository/Header/span_Profile' is present

24-02-2025T00:39:34 - [MESSAGE][PASSED] - Object 'Object Repository/Header/span_Profile' is present

24-02-2025T00:39:34 - [TEST_STEP][PASSED] - callTestCase(findTestCase("Blocks/Browser/Close Browser"), [:], STOP_ON_FAILURE): Call Test Case 'Test Cases/Blocks/Browser/Close Browser' successfully

24-02-2025T00:39:34 - [TEST_CASE][PASSED] - Test Cases/Blocks/Browser/Close Browser: Test Cases/Blocks/Browser/Close Browser

24-02-2025T00:39:34 - [TEST_STEP][PASSED] - closeBrowser(): Browser is closed

24-02-2025T00:39:34 - [MESSAGE][PASSED] - Browser is closed

24-02-2025T00:39:34 - [MESSAGE][PASSED] - Call Test Case 'Test Cases/Blocks/Browser/Close Browser' successfully]]></system-out>
         <system-err><![CDATA[]]></system-err>
      </testcase>
      <testcase name="Test Cases/Scenario/02. Login/SC02TC001 Succces Login" time="10.535" classname="Test Cases/Scenario/02. Login/SC02TC001 Succces Login" status="FAILED">
         <properties>
            <property name="data_binding"><![CDATA[{"password":"TCdEHGtpZOAOScmyNwFgOw\u003d\u003d","username":"ucrit1"}]]></property>
         </properties>
         <failure type="FAILED" message="Test Cases/Scenario/02. Login/SC02TC001 Succces Login FAILED.&#xa;Reason:&#xa;com.kms.katalon.core.exception.StepFailedException: Unable to verify object 'Object Repository/Header/span_Profile' is present&#xa;	at com.kms.katalon.core.webui.keyword.internal.WebUIKeywordMain.stepFailed(WebUIKeywordMain.groovy:117)&#xa;	at com.kms.katalon.core.webui.keyword.internal.WebUIKeywordMain.runKeyword(WebUIKeywordMain.groovy:43)&#xa;	at com.kms.katalon.core.webui.keyword.builtin.VerifyElementPresentKeyword.verifyElementPresent(VerifyElementPresentKeyword.groovy:92)&#xa;	at com.kms.katalon.core.webui.keyword.builtin.VerifyElementPresentKeyword.execute(VerifyElementPresentKeyword.groovy:68)&#xa;	at com.kms.katalon.core.keyword.internal.KeywordExecutor.executeKeywordForPlatform(KeywordExecutor.groovy:74)&#xa;	at com.kms.katalon.core.webui.keyword.WebUiBuiltInKeywords.verifyElementPresent(WebUiBuiltInKeywords.groovy:1540)&#xa;	at SC02TC001 Succces Login.run(SC02TC001 Succces Login:38)&#xa;	at com.kms.katalon.core.main.ScriptEngine.run(ScriptEngine.java:194)&#xa;	at com.kms.katalon.core.main.ScriptEngine.runScriptAsRawText(ScriptEngine.java:119)&#xa;	at com.kms.katalon.core.main.TestCaseExecutor.runScript(TestCaseExecutor.java:448)&#xa;	at com.kms.katalon.core.main.TestCaseExecutor.doExecute(TestCaseExecutor.java:439)&#xa;	at com.kms.katalon.core.main.TestCaseExecutor.processExecutionPhase(TestCaseExecutor.java:418)&#xa;	at com.kms.katalon.core.main.TestCaseExecutor.accessMainPhase(TestCaseExecutor.java:410)&#xa;	at com.kms.katalon.core.main.TestCaseExecutor.execute(TestCaseExecutor.java:285)&#xa;	at com.kms.katalon.core.main.TestCaseExecutor.execute(TestCaseExecutor.java:369)&#xa;	at com.kms.katalon.core.main.TestCaseExecutor.execute(TestCaseExecutor.java:369)&#xa;	at com.kms.katalon.core.main.TestCaseExecutor.execute(TestCaseExecutor.java:369)&#xa;	at com.kms.katalon.core.common.CommonExecutor.accessTestCaseMainPhase(CommonExecutor.java:71)&#xa;	at com.kms.katalon.core.main.TestSuiteExecutor.accessTestSuiteMainPhase(TestSuiteExecutor.java:160)&#xa;	at com.kms.katalon.core.main.TestSuiteExecutor.execute(TestSuiteExecutor.java:107)&#xa;	at com.kms.katalon.core.main.TestCaseMain.startTestSuite(TestCaseMain.java:180)&#xa;	at TempTestSuite1740332363042.run(TempTestSuite1740332363042.groovy:35)&#xa;	at java.base/jdk.internal.reflect.NativeMethodAccessorImpl.invoke0(Native Method)&#xa;	at java.base/jdk.internal.reflect.NativeMethodAccessorImpl.invoke(NativeMethodAccessorImpl.java:77)&#xa;	at java.base/jdk.internal.reflect.DelegatingMethodAccessorImpl.invoke(DelegatingMethodAccessorImpl.java:43)&#xa;Caused by: com.kms.katalon.core.exception.StepFailedException: com.kms.katalon.core.webui.exception.WebElementNotFoundException: Web element with id: 'Object Repository/Header/span_Profile' located by 'internal:text=&quot;account_circlearrow_drop_down ableh1&quot;i' not found&#xa;	at com.kms.katalon.core.webui.keyword.internal.WebUIKeywordMain.stepFailed(WebUIKeywordMain.groovy:117)&#xa;	at com.kms.katalon.core.webui.keyword.builtin.VerifyElementPresentKeyword$_verifyElementPresent_closure1.doCall(VerifyElementPresentKeyword.groovy:85)&#xa;	at com.kms.katalon.core.webui.keyword.builtin.VerifyElementPresentKeyword$_verifyElementPresent_closure1.call(VerifyElementPresentKeyword.groovy)&#xa;	at com.kms.katalon.core.webui.keyword.internal.WebUIKeywordMain.runKeyword(WebUIKeywordMain.groovy:35)&#xa;	... 23 more&#xa;"/>
         <system-out><![CDATA[24-02-2025T00:40:06 - [TEST_CASE][FAILED] - Test Cases/Scenario/02. Login/SC02TC001 Succces Login: Test Cases/Scenario/02. Login/SC02TC001 Succces Login FAILED.
Reason:
com.kms.katalon.core.exception.StepFailedException: Unable to verify object 'Object Repository/Header/span_Profile' is present
	at com.kms.katalon.core.webui.keyword.internal.WebUIKeywordMain.stepFailed(WebUIKeywordMain.groovy:117)
	at com.kms.katalon.core.webui.keyword.internal.WebUIKeywordMain.runKeyword(WebUIKeywordMain.groovy:43)
	at com.kms.katalon.core.webui.keyword.builtin.VerifyElementPresentKeyword.verifyElementPresent(VerifyElementPresentKeyword.groovy:92)
	at com.kms.katalon.core.webui.keyword.builtin.VerifyElementPresentKeyword.execute(VerifyElementPresentKeyword.groovy:68)
	at com.kms.katalon.core.keyword.internal.KeywordExecutor.executeKeywordForPlatform(KeywordExecutor.groovy:74)
	at com.kms.katalon.core.webui.keyword.WebUiBuiltInKeywords.verifyElementPresent(WebUiBuiltInKeywords.groovy:1540)
	at SC02TC001 Succces Login.run(SC02TC001 Succces Login:38)
	at com.kms.katalon.core.main.ScriptEngine.run(ScriptEngine.java:194)
	at com.kms.katalon.core.main.ScriptEngine.runScriptAsRawText(ScriptEngine.java:119)
	at com.kms.katalon.core.main.TestCaseExecutor.runScript(TestCaseExecutor.java:448)
	at com.kms.katalon.core.main.TestCaseExecutor.doExecute(TestCaseExecutor.java:439)
	at com.kms.katalon.core.main.TestCaseExecutor.processExecutionPhase(TestCaseExecutor.java:418)
	at com.kms.katalon.core.main.TestCaseExecutor.accessMainPhase(TestCaseExecutor.java:410)
	at com.kms.katalon.core.main.TestCaseExecutor.execute(TestCaseExecutor.java:285)
	at com.kms.katalon.core.main.TestCaseExecutor.execute(TestCaseExecutor.java:369)
	at com.kms.katalon.core.main.TestCaseExecutor.execute(TestCaseExecutor.java:369)
	at com.kms.katalon.core.main.TestCaseExecutor.execute(TestCaseExecutor.java:369)
	at com.kms.katalon.core.common.CommonExecutor.accessTestCaseMainPhase(CommonExecutor.java:71)
	at com.kms.katalon.core.main.TestSuiteExecutor.accessTestSuiteMainPhase(TestSuiteExecutor.java:160)
	at com.kms.katalon.core.main.TestSuiteExecutor.execute(TestSuiteExecutor.java:107)
	at com.kms.katalon.core.main.TestCaseMain.startTestSuite(TestCaseMain.java:180)
	at TempTestSuite1740332363042.run(TempTestSuite1740332363042.groovy:35)
	at java.base/jdk.internal.reflect.NativeMethodAccessorImpl.invoke0(Native Method)
	at java.base/jdk.internal.reflect.NativeMethodAccessorImpl.invoke(NativeMethodAccessorImpl.java:77)
	at java.base/jdk.internal.reflect.DelegatingMethodAccessorImpl.invoke(DelegatingMethodAccessorImpl.java:43)
Caused by: com.kms.katalon.core.exception.StepFailedException: com.kms.katalon.core.webui.exception.WebElementNotFoundException: Web element with id: 'Object Repository/Header/span_Profile' located by 'internal:text="account_circlearrow_drop_down ableh1"i' not found
	at com.kms.katalon.core.webui.keyword.internal.WebUIKeywordMain.stepFailed(WebUIKeywordMain.groovy:117)
	at com.kms.katalon.core.webui.keyword.builtin.VerifyElementPresentKeyword$_verifyElementPresent_closure1.doCall(VerifyElementPresentKeyword.groovy:85)
	at com.kms.katalon.core.webui.keyword.builtin.VerifyElementPresentKeyword$_verifyElementPresent_closure1.call(VerifyElementPresentKeyword.groovy)
	at com.kms.katalon.core.webui.keyword.internal.WebUIKeywordMain.runKeyword(WebUIKeywordMain.groovy:35)
	... 23 more


24-02-2025T00:40:06 - [TEST_STEP][PASSED] - callTestCase(findTestCase("Blocks/Browser/Open Browser"), [:], STOP_ON_FAILURE): Call Test Case 'Test Cases/Blocks/Browser/Open Browser' successfully

24-02-2025T00:40:06 - [TEST_CASE][PASSED] - Test Cases/Blocks/Browser/Open Browser: Test Cases/Blocks/Browser/Open Browser

24-02-2025T00:40:06 - [TEST_STEP][PASSED] - openBrowser(""): Browser is opened with url: ''

24-02-2025T00:40:06 - [MESSAGE][WARNING] - A browser is already opened. Closing browser and opening a new one

24-02-2025T00:40:06 - [MESSAGE][INFO] - Starting 'Chrome' driver

24-02-2025T00:40:06 - [MESSAGE][INFO] - Action delay is set to 0 milliseconds

24-02-2025T00:40:07 - [MESSAGE][PASSED] - Browser is opened with url: ''

24-02-2025T00:40:07 - [MESSAGE][PASSED] - Call Test Case 'Test Cases/Blocks/Browser/Open Browser' successfully

24-02-2025T00:40:07 - [TEST_STEP][PASSED] - callTestCase(findTestCase("Blocks/Browser/Maximize Window"), [:], STOP_ON_FAILURE): Call Test Case 'Test Cases/Blocks/Browser/Maximize Window' successfully

24-02-2025T00:40:07 - [TEST_CASE][PASSED] - Test Cases/Blocks/Browser/Maximize Window: Test Cases/Blocks/Browser/Maximize Window

24-02-2025T00:40:07 - [TEST_STEP][PASSED] - maximizeWindow(): Current window maximized

24-02-2025T00:40:07 - [MESSAGE][PASSED] - Current window maximized

24-02-2025T00:40:07 - [MESSAGE][PASSED] - Call Test Case 'Test Cases/Blocks/Browser/Maximize Window' successfully

24-02-2025T00:40:07 - [TEST_STEP][PASSED] - callTestCase(findTestCase("Blocks/Browser/Navigate to URL"), [:], STOP_ON_FAILURE): Call Test Case 'Test Cases/Blocks/Browser/Navigate to URL' successfully

24-02-2025T00:40:07 - [TEST_CASE][PASSED] - Test Cases/Blocks/Browser/Navigate to URL: Test Cases/Blocks/Browser/Navigate to URL

24-02-2025T00:40:07 - [TEST_STEP][PASSED] - navigateToUrl(URL): Navigate to 'https://bookcart.azurewebsites.net/' successfully

24-02-2025T00:40:08 - [MESSAGE][PASSED] - Navigate to 'https://bookcart.azurewebsites.net/' successfully

24-02-2025T00:40:08 - [MESSAGE][PASSED] - Call Test Case 'Test Cases/Blocks/Browser/Navigate to URL' successfully

24-02-2025T00:40:08 - [TEST_STEP][PASSED] - click(findTestObject("Header/span_Login")): Object: 'Object Repository/Header/span_Login' is clicked on

24-02-2025T00:40:08 - [MESSAGE][PASSED] - Object: 'Object Repository/Header/span_Login' is clicked on

24-02-2025T00:40:08 - [TEST_STEP][PASSED] - waitForElementPresent(findTestObject("Login Page/mat-card-title_Login"), 0): Object 'Object Repository/Login Page/mat-card-title_Login' is present

24-02-2025T00:40:08 - [MESSAGE][WARNING] - Timeout '0' is invalid. Using default page load timeout: '30'

24-02-2025T00:40:09 - [MESSAGE][PASSED] - Object 'Object Repository/Login Page/mat-card-title_Login' is present

24-02-2025T00:40:09 - [TEST_STEP][PASSED] - setText(findTestObject("Login Page/input_Username"), username): Text 'ucrit1' is set on object 'Object Repository/Login Page/input_Username'

24-02-2025T00:40:10 - [MESSAGE][PASSED] - Text 'ucrit1' is set on object 'Object Repository/Login Page/input_Username'

24-02-2025T00:40:10 - [TEST_STEP][PASSED] - setEncryptedText(findTestObject("Login Page/input_Password"), password): Text ****** has been set on object 'Object Repository/Login Page/input_Password'

24-02-2025T00:40:10 - [MESSAGE][PASSED] - Text ****** has been set on object 'Object Repository/Login Page/input_Password'

24-02-2025T00:40:10 - [TEST_STEP][PASSED] - waitForElementClickable(findTestObject("Header/span_Login"), 10, STOP_ON_FAILURE): Object 'Object Repository/Header/span_Login' is clickable

24-02-2025T00:40:10 - [MESSAGE][PASSED] - Object 'Object Repository/Header/span_Login' is clickable

24-02-2025T00:40:10 - [TEST_STEP][PASSED] - click(findTestObject("Login Page/span_Login")): Object: 'Object Repository/Login Page/span_Login' is clicked on

24-02-2025T00:40:10 - [MESSAGE][PASSED] - Object: 'Object Repository/Login Page/span_Login' is clicked on

24-02-2025T00:40:10 - [TEST_STEP][FAILED] - verifyElementPresent(findTestObject("Header/span_Profile"), 5): Unable to verify object 'Object Repository/Header/span_Profile' is present (Root cause: com.kms.katalon.core.exception.StepFailedException: Unable to verify object 'Object Repository/Header/span_Profile' is present
	at com.kms.katalon.core.webui.keyword.internal.WebUIKeywordMain.stepFailed(WebUIKeywordMain.groovy:117)
	at com.kms.katalon.core.webui.keyword.internal.WebUIKeywordMain.runKeyword(WebUIKeywordMain.groovy:43)
	at com.kms.katalon.core.webui.keyword.builtin.VerifyElementPresentKeyword.verifyElementPresent(VerifyElementPresentKeyword.groovy:92)
	at com.kms.katalon.core.webui.keyword.builtin.VerifyElementPresentKeyword.execute(VerifyElementPresentKeyword.groovy:68)
	at com.kms.katalon.core.keyword.internal.KeywordExecutor.executeKeywordForPlatform(KeywordExecutor.groovy:74)
	at com.kms.katalon.core.webui.keyword.WebUiBuiltInKeywords.verifyElementPresent(WebUiBuiltInKeywords.groovy:1540)
	at SC02TC001 Succces Login.run(SC02TC001 Succces Login:38)
	at com.kms.katalon.core.main.ScriptEngine.run(ScriptEngine.java:194)
	at com.kms.katalon.core.main.ScriptEngine.runScriptAsRawText(ScriptEngine.java:119)
	at com.kms.katalon.core.main.TestCaseExecutor.runScript(TestCaseExecutor.java:448)
	at com.kms.katalon.core.main.TestCaseExecutor.doExecute(TestCaseExecutor.java:439)
	at com.kms.katalon.core.main.TestCaseExecutor.processExecutionPhase(TestCaseExecutor.java:418)
	at com.kms.katalon.core.main.TestCaseExecutor.accessMainPhase(TestCaseExecutor.java:410)
	at com.kms.katalon.core.main.TestCaseExecutor.execute(TestCaseExecutor.java:285)
	at com.kms.katalon.core.main.TestCaseExecutor.execute(TestCaseExecutor.java:369)
	at com.kms.katalon.core.main.TestCaseExecutor.execute(TestCaseExecutor.java:369)
	at com.kms.katalon.core.main.TestCaseExecutor.execute(TestCaseExecutor.java:369)
	at com.kms.katalon.core.common.CommonExecutor.accessTestCaseMainPhase(CommonExecutor.java:71)
	at com.kms.katalon.core.main.TestSuiteExecutor.accessTestSuiteMainPhase(TestSuiteExecutor.java:160)
	at com.kms.katalon.core.main.TestSuiteExecutor.execute(TestSuiteExecutor.java:107)
	at com.kms.katalon.core.main.TestCaseMain.startTestSuite(TestCaseMain.java:180)
	at TempTestSuite1740332363042.run(TempTestSuite1740332363042.groovy:35)
	at java.base/jdk.internal.reflect.NativeMethodAccessorImpl.invoke0(Native Method)
	at java.base/jdk.internal.reflect.NativeMethodAccessorImpl.invoke(NativeMethodAccessorImpl.java:77)
	at java.base/jdk.internal.reflect.DelegatingMethodAccessorImpl.invoke(DelegatingMethodAccessorImpl.java:43)
Caused by: com.kms.katalon.core.exception.StepFailedException: com.kms.katalon.core.webui.exception.WebElementNotFoundException: Web element with id: 'Object Repository/Header/span_Profile' located by 'internal:text="account_circlearrow_drop_down ableh1"i' not found
	at com.kms.katalon.core.webui.keyword.internal.WebUIKeywordMain.stepFailed(WebUIKeywordMain.groovy:117)
	at com.kms.katalon.core.webui.keyword.builtin.VerifyElementPresentKeyword$_verifyElementPresent_closure1.doCall(VerifyElementPresentKeyword.groovy:85)
	at com.kms.katalon.core.webui.keyword.builtin.VerifyElementPresentKeyword$_verifyElementPresent_closure1.call(VerifyElementPresentKeyword.groovy)
	at com.kms.katalon.core.webui.keyword.internal.WebUIKeywordMain.runKeyword(WebUIKeywordMain.groovy:35)
	... 23 more
)

24-02-2025T00:40:16 - [MESSAGE][FAILED] - com.kms.katalon.core.webui.exception.WebElementNotFoundException: Web element with id: 'Object Repository/Header/span_Profile' located by 'internal:text="account_circlearrow_drop_down ableh1"i' not found (Root cause: com.kms.katalon.core.exception.StepFailedException: com.kms.katalon.core.webui.exception.WebElementNotFoundException: Web element with id: 'Object Repository/Header/span_Profile' located by 'internal:text="account_circlearrow_drop_down ableh1"i' not found
	at com.kms.katalon.core.webui.keyword.internal.WebUIKeywordMain.stepFailed(WebUIKeywordMain.groovy:117)
	at com.kms.katalon.core.webui.keyword.builtin.VerifyElementPresentKeyword$_verifyElementPresent_closure1.doCall(VerifyElementPresentKeyword.groovy:85)
	at com.kms.katalon.core.webui.keyword.builtin.VerifyElementPresentKeyword$_verifyElementPresent_closure1.call(VerifyElementPresentKeyword.groovy)
	at com.kms.katalon.core.webui.keyword.internal.WebUIKeywordMain.runKeyword(WebUIKeywordMain.groovy:35)
	at com.kms.katalon.core.webui.keyword.builtin.VerifyElementPresentKeyword.verifyElementPresent(VerifyElementPresentKeyword.groovy:92)
	at com.kms.katalon.core.webui.keyword.builtin.VerifyElementPresentKeyword.execute(VerifyElementPresentKeyword.groovy:68)
	at com.kms.katalon.core.keyword.internal.KeywordExecutor.executeKeywordForPlatform(KeywordExecutor.groovy:74)
	at com.kms.katalon.core.webui.keyword.WebUiBuiltInKeywords.verifyElementPresent(WebUiBuiltInKeywords.groovy:1540)
	at SC02TC001 Succces Login.run(SC02TC001 Succces Login:38)
	at com.kms.katalon.core.main.ScriptEngine.run(ScriptEngine.java:194)
	at com.kms.katalon.core.main.ScriptEngine.runScriptAsRawText(ScriptEngine.java:119)
	at com.kms.katalon.core.main.TestCaseExecutor.runScript(TestCaseExecutor.java:448)
	at com.kms.katalon.core.main.TestCaseExecutor.doExecute(TestCaseExecutor.java:439)
	at com.kms.katalon.core.main.TestCaseExecutor.processExecutionPhase(TestCaseExecutor.java:418)
	at com.kms.katalon.core.main.TestCaseExecutor.accessMainPhase(TestCaseExecutor.java:410)
	at com.kms.katalon.core.main.TestCaseExecutor.execute(TestCaseExecutor.java:285)
	at com.kms.katalon.core.main.TestCaseExecutor.execute(TestCaseExecutor.java:369)
	at com.kms.katalon.core.main.TestCaseExecutor.execute(TestCaseExecutor.java:369)
	at com.kms.katalon.core.main.TestCaseExecutor.execute(TestCaseExecutor.java:369)
	at com.kms.katalon.core.common.CommonExecutor.accessTestCaseMainPhase(CommonExecutor.java:71)
	at com.kms.katalon.core.main.TestSuiteExecutor.accessTestSuiteMainPhase(TestSuiteExecutor.java:160)
	at com.kms.katalon.core.main.TestSuiteExecutor.execute(TestSuiteExecutor.java:107)
	at com.kms.katalon.core.main.TestCaseMain.startTestSuite(TestCaseMain.java:180)
	at TempTestSuite1740332363042.run(TempTestSuite1740332363042.groovy:35)
	at java.base/jdk.internal.reflect.NativeMethodAccessorImpl.invoke0(Native Method)
	at java.base/jdk.internal.reflect.NativeMethodAccessorImpl.invoke(NativeMethodAccessorImpl.java:77)
	at java.base/jdk.internal.reflect.DelegatingMethodAccessorImpl.invoke(DelegatingMethodAccessorImpl.java:43)
)
[[ATTACHMENT|D:\\Katalon Project\\Git\\KATALON-BOOKCART\\Reports\\20250224_003923\\Login Test Suite\\20250224_003923\\1740332416809.png]]

24-02-2025T00:40:17 - [MESSAGE][FAILED] - Unable to verify object 'Object Repository/Header/span_Profile' is present (Root cause: com.kms.katalon.core.exception.StepFailedException: Unable to verify object 'Object Repository/Header/span_Profile' is present
	at com.kms.katalon.core.webui.keyword.internal.WebUIKeywordMain.stepFailed(WebUIKeywordMain.groovy:117)
	at com.kms.katalon.core.webui.keyword.internal.WebUIKeywordMain.runKeyword(WebUIKeywordMain.groovy:43)
	at com.kms.katalon.core.webui.keyword.builtin.VerifyElementPresentKeyword.verifyElementPresent(VerifyElementPresentKeyword.groovy:92)
	at com.kms.katalon.core.webui.keyword.builtin.VerifyElementPresentKeyword.execute(VerifyElementPresentKeyword.groovy:68)
	at com.kms.katalon.core.keyword.internal.KeywordExecutor.executeKeywordForPlatform(KeywordExecutor.groovy:74)
	at com.kms.katalon.core.webui.keyword.WebUiBuiltInKeywords.verifyElementPresent(WebUiBuiltInKeywords.groovy:1540)
	at SC02TC001 Succces Login.run(SC02TC001 Succces Login:38)
	at com.kms.katalon.core.main.ScriptEngine.run(ScriptEngine.java:194)
	at com.kms.katalon.core.main.ScriptEngine.runScriptAsRawText(ScriptEngine.java:119)
	at com.kms.katalon.core.main.TestCaseExecutor.runScript(TestCaseExecutor.java:448)
	at com.kms.katalon.core.main.TestCaseExecutor.doExecute(TestCaseExecutor.java:439)
	at com.kms.katalon.core.main.TestCaseExecutor.processExecutionPhase(TestCaseExecutor.java:418)
	at com.kms.katalon.core.main.TestCaseExecutor.accessMainPhase(TestCaseExecutor.java:410)
	at com.kms.katalon.core.main.TestCaseExecutor.execute(TestCaseExecutor.java:285)
	at com.kms.katalon.core.main.TestCaseExecutor.execute(TestCaseExecutor.java:369)
	at com.kms.katalon.core.main.TestCaseExecutor.execute(TestCaseExecutor.java:369)
	at com.kms.katalon.core.main.TestCaseExecutor.execute(TestCaseExecutor.java:369)
	at com.kms.katalon.core.common.CommonExecutor.accessTestCaseMainPhase(CommonExecutor.java:71)
	at com.kms.katalon.core.main.TestSuiteExecutor.accessTestSuiteMainPhase(TestSuiteExecutor.java:160)
	at com.kms.katalon.core.main.TestSuiteExecutor.execute(TestSuiteExecutor.java:107)
	at com.kms.katalon.core.main.TestCaseMain.startTestSuite(TestCaseMain.java:180)
	at TempTestSuite1740332363042.run(TempTestSuite1740332363042.groovy:35)
	at java.base/jdk.internal.reflect.NativeMethodAccessorImpl.invoke0(Native Method)
	at java.base/jdk.internal.reflect.NativeMethodAccessorImpl.invoke(NativeMethodAccessorImpl.java:77)
	at java.base/jdk.internal.reflect.DelegatingMethodAccessorImpl.invoke(DelegatingMethodAccessorImpl.java:43)
Caused by: com.kms.katalon.core.exception.StepFailedException: com.kms.katalon.core.webui.exception.WebElementNotFoundException: Web element with id: 'Object Repository/Header/span_Profile' located by 'internal:text="account_circlearrow_drop_down ableh1"i' not found
	at com.kms.katalon.core.webui.keyword.internal.WebUIKeywordMain.stepFailed(WebUIKeywordMain.groovy:117)
	at com.kms.katalon.core.webui.keyword.builtin.VerifyElementPresentKeyword$_verifyElementPresent_closure1.doCall(VerifyElementPresentKeyword.groovy:85)
	at com.kms.katalon.core.webui.keyword.builtin.VerifyElementPresentKeyword$_verifyElementPresent_closure1.call(VerifyElementPresentKeyword.groovy)
	at com.kms.katalon.core.webui.keyword.internal.WebUIKeywordMain.runKeyword(WebUIKeywordMain.groovy:35)
	... 23 more
)
[[ATTACHMENT|D:\\Katalon Project\\Git\\KATALON-BOOKCART\\Reports\\20250224_003923\\Login Test Suite\\20250224_003923\\1740332416959.png]]]]></system-out>
         <system-err><![CDATA[24-02-2025T00:40:06 - [TEST_CASE][FAILED] - Test Cases/Scenario/02. Login/SC02TC001 Succces Login: Test Cases/Scenario/02. Login/SC02TC001 Succces Login FAILED.
Reason:
com.kms.katalon.core.exception.StepFailedException: Unable to verify object 'Object Repository/Header/span_Profile' is present
	at com.kms.katalon.core.webui.keyword.internal.WebUIKeywordMain.stepFailed(WebUIKeywordMain.groovy:117)
	at com.kms.katalon.core.webui.keyword.internal.WebUIKeywordMain.runKeyword(WebUIKeywordMain.groovy:43)
	at com.kms.katalon.core.webui.keyword.builtin.VerifyElementPresentKeyword.verifyElementPresent(VerifyElementPresentKeyword.groovy:92)
	at com.kms.katalon.core.webui.keyword.builtin.VerifyElementPresentKeyword.execute(VerifyElementPresentKeyword.groovy:68)
	at com.kms.katalon.core.keyword.internal.KeywordExecutor.executeKeywordForPlatform(KeywordExecutor.groovy:74)
	at com.kms.katalon.core.webui.keyword.WebUiBuiltInKeywords.verifyElementPresent(WebUiBuiltInKeywords.groovy:1540)
	at SC02TC001 Succces Login.run(SC02TC001 Succces Login:38)
	at com.kms.katalon.core.main.ScriptEngine.run(ScriptEngine.java:194)
	at com.kms.katalon.core.main.ScriptEngine.runScriptAsRawText(ScriptEngine.java:119)
	at com.kms.katalon.core.main.TestCaseExecutor.runScript(TestCaseExecutor.java:448)
	at com.kms.katalon.core.main.TestCaseExecutor.doExecute(TestCaseExecutor.java:439)
	at com.kms.katalon.core.main.TestCaseExecutor.processExecutionPhase(TestCaseExecutor.java:418)
	at com.kms.katalon.core.main.TestCaseExecutor.accessMainPhase(TestCaseExecutor.java:410)
	at com.kms.katalon.core.main.TestCaseExecutor.execute(TestCaseExecutor.java:285)
	at com.kms.katalon.core.main.TestCaseExecutor.execute(TestCaseExecutor.java:369)
	at com.kms.katalon.core.main.TestCaseExecutor.execute(TestCaseExecutor.java:369)
	at com.kms.katalon.core.main.TestCaseExecutor.execute(TestCaseExecutor.java:369)
	at com.kms.katalon.core.common.CommonExecutor.accessTestCaseMainPhase(CommonExecutor.java:71)
	at com.kms.katalon.core.main.TestSuiteExecutor.accessTestSuiteMainPhase(TestSuiteExecutor.java:160)
	at com.kms.katalon.core.main.TestSuiteExecutor.execute(TestSuiteExecutor.java:107)
	at com.kms.katalon.core.main.TestCaseMain.startTestSuite(TestCaseMain.java:180)
	at TempTestSuite1740332363042.run(TempTestSuite1740332363042.groovy:35)
	at java.base/jdk.internal.reflect.NativeMethodAccessorImpl.invoke0(Native Method)
	at java.base/jdk.internal.reflect.NativeMethodAccessorImpl.invoke(NativeMethodAccessorImpl.java:77)
	at java.base/jdk.internal.reflect.DelegatingMethodAccessorImpl.invoke(DelegatingMethodAccessorImpl.java:43)
Caused by: com.kms.katalon.core.exception.StepFailedException: com.kms.katalon.core.webui.exception.WebElementNotFoundException: Web element with id: 'Object Repository/Header/span_Profile' located by 'internal:text="account_circlearrow_drop_down ableh1"i' not found
	at com.kms.katalon.core.webui.keyword.internal.WebUIKeywordMain.stepFailed(WebUIKeywordMain.groovy:117)
	at com.kms.katalon.core.webui.keyword.builtin.VerifyElementPresentKeyword$_verifyElementPresent_closure1.doCall(VerifyElementPresentKeyword.groovy:85)
	at com.kms.katalon.core.webui.keyword.builtin.VerifyElementPresentKeyword$_verifyElementPresent_closure1.call(VerifyElementPresentKeyword.groovy)
	at com.kms.katalon.core.webui.keyword.internal.WebUIKeywordMain.runKeyword(WebUIKeywordMain.groovy:35)
	... 23 more]]></system-err>
      </testcase>
      <testcase name="Test Cases/Scenario/02. Login/SC02TC001 Succces Login" time="10.566" classname="Test Cases/Scenario/02. Login/SC02TC001 Succces Login" status="FAILED">
         <properties>
            <property name="data_binding"><![CDATA[{"password":"TCdEHGtpZOAOScmyNwFgOw\u003d\u003d","username":"hanabi"}]]></property>
         </properties>
         <failure type="FAILED" message="Test Cases/Scenario/02. Login/SC02TC001 Succces Login FAILED.&#xa;Reason:&#xa;com.kms.katalon.core.exception.StepFailedException: Unable to verify object 'Object Repository/Header/span_Profile' is present&#xa;	at com.kms.katalon.core.webui.keyword.internal.WebUIKeywordMain.stepFailed(WebUIKeywordMain.groovy:117)&#xa;	at com.kms.katalon.core.webui.keyword.internal.WebUIKeywordMain.runKeyword(WebUIKeywordMain.groovy:43)&#xa;	at com.kms.katalon.core.webui.keyword.builtin.VerifyElementPresentKeyword.verifyElementPresent(VerifyElementPresentKeyword.groovy:92)&#xa;	at com.kms.katalon.core.webui.keyword.builtin.VerifyElementPresentKeyword.execute(VerifyElementPresentKeyword.groovy:68)&#xa;	at com.kms.katalon.core.keyword.internal.KeywordExecutor.executeKeywordForPlatform(KeywordExecutor.groovy:74)&#xa;	at com.kms.katalon.core.webui.keyword.WebUiBuiltInKeywords.verifyElementPresent(WebUiBuiltInKeywords.groovy:1540)&#xa;	at SC02TC001 Succces Login.run(SC02TC001 Succces Login:38)&#xa;	at com.kms.katalon.core.main.ScriptEngine.run(ScriptEngine.java:194)&#xa;	at com.kms.katalon.core.main.ScriptEngine.runScriptAsRawText(ScriptEngine.java:119)&#xa;	at com.kms.katalon.core.main.TestCaseExecutor.runScript(TestCaseExecutor.java:448)&#xa;	at com.kms.katalon.core.main.TestCaseExecutor.doExecute(TestCaseExecutor.java:439)&#xa;	at com.kms.katalon.core.main.TestCaseExecutor.processExecutionPhase(TestCaseExecutor.java:418)&#xa;	at com.kms.katalon.core.main.TestCaseExecutor.accessMainPhase(TestCaseExecutor.java:410)&#xa;	at com.kms.katalon.core.main.TestCaseExecutor.execute(TestCaseExecutor.java:285)&#xa;	at com.kms.katalon.core.main.TestCaseExecutor.execute(TestCaseExecutor.java:369)&#xa;	at com.kms.katalon.core.main.TestCaseExecutor.execute(TestCaseExecutor.java:369)&#xa;	at com.kms.katalon.core.main.TestCaseExecutor.execute(TestCaseExecutor.java:369)&#xa;	at com.kms.katalon.core.common.CommonExecutor.accessTestCaseMainPhase(CommonExecutor.java:71)&#xa;	at com.kms.katalon.core.main.TestSuiteExecutor.accessTestSuiteMainPhase(TestSuiteExecutor.java:160)&#xa;	at com.kms.katalon.core.main.TestSuiteExecutor.execute(TestSuiteExecutor.java:107)&#xa;	at com.kms.katalon.core.main.TestCaseMain.startTestSuite(TestCaseMain.java:180)&#xa;	at TempTestSuite1740332363042.run(TempTestSuite1740332363042.groovy:35)&#xa;	at java.base/jdk.internal.reflect.NativeMethodAccessorImpl.invoke0(Native Method)&#xa;	at java.base/jdk.internal.reflect.NativeMethodAccessorImpl.invoke(NativeMethodAccessorImpl.java:77)&#xa;	at java.base/jdk.internal.reflect.DelegatingMethodAccessorImpl.invoke(DelegatingMethodAccessorImpl.java:43)&#xa;Caused by: com.kms.katalon.core.exception.StepFailedException: com.kms.katalon.core.webui.exception.WebElementNotFoundException: Web element with id: 'Object Repository/Header/span_Profile' located by 'internal:text=&quot;account_circlearrow_drop_down ableh1&quot;i' not found&#xa;	at com.kms.katalon.core.webui.keyword.internal.WebUIKeywordMain.stepFailed(WebUIKeywordMain.groovy:117)&#xa;	at com.kms.katalon.core.webui.keyword.builtin.VerifyElementPresentKeyword$_verifyElementPresent_closure1.doCall(VerifyElementPresentKeyword.groovy:85)&#xa;	at com.kms.katalon.core.webui.keyword.builtin.VerifyElementPresentKeyword$_verifyElementPresent_closure1.call(VerifyElementPresentKeyword.groovy)&#xa;	at com.kms.katalon.core.webui.keyword.internal.WebUIKeywordMain.runKeyword(WebUIKeywordMain.groovy:35)&#xa;	... 23 more&#xa;"/>
         <system-out><![CDATA[24-02-2025T00:40:48 - [TEST_CASE][FAILED] - Test Cases/Scenario/02. Login/SC02TC001 Succces Login: Test Cases/Scenario/02. Login/SC02TC001 Succces Login FAILED.
Reason:
com.kms.katalon.core.exception.StepFailedException: Unable to verify object 'Object Repository/Header/span_Profile' is present
	at com.kms.katalon.core.webui.keyword.internal.WebUIKeywordMain.stepFailed(WebUIKeywordMain.groovy:117)
	at com.kms.katalon.core.webui.keyword.internal.WebUIKeywordMain.runKeyword(WebUIKeywordMain.groovy:43)
	at com.kms.katalon.core.webui.keyword.builtin.VerifyElementPresentKeyword.verifyElementPresent(VerifyElementPresentKeyword.groovy:92)
	at com.kms.katalon.core.webui.keyword.builtin.VerifyElementPresentKeyword.execute(VerifyElementPresentKeyword.groovy:68)
	at com.kms.katalon.core.keyword.internal.KeywordExecutor.executeKeywordForPlatform(KeywordExecutor.groovy:74)
	at com.kms.katalon.core.webui.keyword.WebUiBuiltInKeywords.verifyElementPresent(WebUiBuiltInKeywords.groovy:1540)
	at SC02TC001 Succces Login.run(SC02TC001 Succces Login:38)
	at com.kms.katalon.core.main.ScriptEngine.run(ScriptEngine.java:194)
	at com.kms.katalon.core.main.ScriptEngine.runScriptAsRawText(ScriptEngine.java:119)
	at com.kms.katalon.core.main.TestCaseExecutor.runScript(TestCaseExecutor.java:448)
	at com.kms.katalon.core.main.TestCaseExecutor.doExecute(TestCaseExecutor.java:439)
	at com.kms.katalon.core.main.TestCaseExecutor.processExecutionPhase(TestCaseExecutor.java:418)
	at com.kms.katalon.core.main.TestCaseExecutor.accessMainPhase(TestCaseExecutor.java:410)
	at com.kms.katalon.core.main.TestCaseExecutor.execute(TestCaseExecutor.java:285)
	at com.kms.katalon.core.main.TestCaseExecutor.execute(TestCaseExecutor.java:369)
	at com.kms.katalon.core.main.TestCaseExecutor.execute(TestCaseExecutor.java:369)
	at com.kms.katalon.core.main.TestCaseExecutor.execute(TestCaseExecutor.java:369)
	at com.kms.katalon.core.common.CommonExecutor.accessTestCaseMainPhase(CommonExecutor.java:71)
	at com.kms.katalon.core.main.TestSuiteExecutor.accessTestSuiteMainPhase(TestSuiteExecutor.java:160)
	at com.kms.katalon.core.main.TestSuiteExecutor.execute(TestSuiteExecutor.java:107)
	at com.kms.katalon.core.main.TestCaseMain.startTestSuite(TestCaseMain.java:180)
	at TempTestSuite1740332363042.run(TempTestSuite1740332363042.groovy:35)
	at java.base/jdk.internal.reflect.NativeMethodAccessorImpl.invoke0(Native Method)
	at java.base/jdk.internal.reflect.NativeMethodAccessorImpl.invoke(NativeMethodAccessorImpl.java:77)
	at java.base/jdk.internal.reflect.DelegatingMethodAccessorImpl.invoke(DelegatingMethodAccessorImpl.java:43)
Caused by: com.kms.katalon.core.exception.StepFailedException: com.kms.katalon.core.webui.exception.WebElementNotFoundException: Web element with id: 'Object Repository/Header/span_Profile' located by 'internal:text="account_circlearrow_drop_down ableh1"i' not found
	at com.kms.katalon.core.webui.keyword.internal.WebUIKeywordMain.stepFailed(WebUIKeywordMain.groovy:117)
	at com.kms.katalon.core.webui.keyword.builtin.VerifyElementPresentKeyword$_verifyElementPresent_closure1.doCall(VerifyElementPresentKeyword.groovy:85)
	at com.kms.katalon.core.webui.keyword.builtin.VerifyElementPresentKeyword$_verifyElementPresent_closure1.call(VerifyElementPresentKeyword.groovy)
	at com.kms.katalon.core.webui.keyword.internal.WebUIKeywordMain.runKeyword(WebUIKeywordMain.groovy:35)
	... 23 more


24-02-2025T00:40:48 - [TEST_STEP][PASSED] - callTestCase(findTestCase("Blocks/Browser/Open Browser"), [:], STOP_ON_FAILURE): Call Test Case 'Test Cases/Blocks/Browser/Open Browser' successfully

24-02-2025T00:40:48 - [TEST_CASE][PASSED] - Test Cases/Blocks/Browser/Open Browser: Test Cases/Blocks/Browser/Open Browser

24-02-2025T00:40:48 - [TEST_STEP][PASSED] - openBrowser(""): Browser is opened with url: ''

24-02-2025T00:40:48 - [MESSAGE][WARNING] - A browser is already opened. Closing browser and opening a new one

24-02-2025T00:40:48 - [MESSAGE][INFO] - Starting 'Chrome' driver

24-02-2025T00:40:48 - [MESSAGE][INFO] - Action delay is set to 0 milliseconds

24-02-2025T00:40:49 - [MESSAGE][PASSED] - Browser is opened with url: ''

24-02-2025T00:40:49 - [MESSAGE][PASSED] - Call Test Case 'Test Cases/Blocks/Browser/Open Browser' successfully

24-02-2025T00:40:49 - [TEST_STEP][PASSED] - callTestCase(findTestCase("Blocks/Browser/Maximize Window"), [:], STOP_ON_FAILURE): Call Test Case 'Test Cases/Blocks/Browser/Maximize Window' successfully

24-02-2025T00:40:49 - [TEST_CASE][PASSED] - Test Cases/Blocks/Browser/Maximize Window: Test Cases/Blocks/Browser/Maximize Window

24-02-2025T00:40:49 - [TEST_STEP][PASSED] - maximizeWindow(): Current window maximized

24-02-2025T00:40:49 - [MESSAGE][PASSED] - Current window maximized

24-02-2025T00:40:49 - [MESSAGE][PASSED] - Call Test Case 'Test Cases/Blocks/Browser/Maximize Window' successfully

24-02-2025T00:40:49 - [TEST_STEP][PASSED] - callTestCase(findTestCase("Blocks/Browser/Navigate to URL"), [:], STOP_ON_FAILURE): Call Test Case 'Test Cases/Blocks/Browser/Navigate to URL' successfully

24-02-2025T00:40:49 - [TEST_CASE][PASSED] - Test Cases/Blocks/Browser/Navigate to URL: Test Cases/Blocks/Browser/Navigate to URL

24-02-2025T00:40:49 - [TEST_STEP][PASSED] - navigateToUrl(URL): Navigate to 'https://bookcart.azurewebsites.net/' successfully

24-02-2025T00:40:50 - [MESSAGE][PASSED] - Navigate to 'https://bookcart.azurewebsites.net/' successfully

24-02-2025T00:40:50 - [MESSAGE][PASSED] - Call Test Case 'Test Cases/Blocks/Browser/Navigate to URL' successfully

24-02-2025T00:40:50 - [TEST_STEP][PASSED] - click(findTestObject("Header/span_Login")): Object: 'Object Repository/Header/span_Login' is clicked on

24-02-2025T00:40:51 - [MESSAGE][PASSED] - Object: 'Object Repository/Header/span_Login' is clicked on

24-02-2025T00:40:51 - [TEST_STEP][PASSED] - waitForElementPresent(findTestObject("Login Page/mat-card-title_Login"), 0): Object 'Object Repository/Login Page/mat-card-title_Login' is present

24-02-2025T00:40:51 - [MESSAGE][WARNING] - Timeout '0' is invalid. Using default page load timeout: '30'

24-02-2025T00:40:51 - [MESSAGE][PASSED] - Object 'Object Repository/Login Page/mat-card-title_Login' is present

24-02-2025T00:40:51 - [TEST_STEP][PASSED] - setText(findTestObject("Login Page/input_Username"), username): Text 'hanabi' is set on object 'Object Repository/Login Page/input_Username'

24-02-2025T00:40:52 - [MESSAGE][PASSED] - Text 'hanabi' is set on object 'Object Repository/Login Page/input_Username'

24-02-2025T00:40:52 - [TEST_STEP][PASSED] - setEncryptedText(findTestObject("Login Page/input_Password"), password): Text ****** has been set on object 'Object Repository/Login Page/input_Password'

24-02-2025T00:40:52 - [MESSAGE][PASSED] - Text ****** has been set on object 'Object Repository/Login Page/input_Password'

24-02-2025T00:40:52 - [TEST_STEP][PASSED] - waitForElementClickable(findTestObject("Header/span_Login"), 10, STOP_ON_FAILURE): Object 'Object Repository/Header/span_Login' is clickable

24-02-2025T00:40:52 - [MESSAGE][PASSED] - Object 'Object Repository/Header/span_Login' is clickable

24-02-2025T00:40:52 - [TEST_STEP][PASSED] - click(findTestObject("Login Page/span_Login")): Object: 'Object Repository/Login Page/span_Login' is clicked on

24-02-2025T00:40:53 - [MESSAGE][PASSED] - Object: 'Object Repository/Login Page/span_Login' is clicked on

24-02-2025T00:40:53 - [TEST_STEP][FAILED] - verifyElementPresent(findTestObject("Header/span_Profile"), 5): Unable to verify object 'Object Repository/Header/span_Profile' is present (Root cause: com.kms.katalon.core.exception.StepFailedException: Unable to verify object 'Object Repository/Header/span_Profile' is present
	at com.kms.katalon.core.webui.keyword.internal.WebUIKeywordMain.stepFailed(WebUIKeywordMain.groovy:117)
	at com.kms.katalon.core.webui.keyword.internal.WebUIKeywordMain.runKeyword(WebUIKeywordMain.groovy:43)
	at com.kms.katalon.core.webui.keyword.builtin.VerifyElementPresentKeyword.verifyElementPresent(VerifyElementPresentKeyword.groovy:92)
	at com.kms.katalon.core.webui.keyword.builtin.VerifyElementPresentKeyword.execute(VerifyElementPresentKeyword.groovy:68)
	at com.kms.katalon.core.keyword.internal.KeywordExecutor.executeKeywordForPlatform(KeywordExecutor.groovy:74)
	at com.kms.katalon.core.webui.keyword.WebUiBuiltInKeywords.verifyElementPresent(WebUiBuiltInKeywords.groovy:1540)
	at SC02TC001 Succces Login.run(SC02TC001 Succces Login:38)
	at com.kms.katalon.core.main.ScriptEngine.run(ScriptEngine.java:194)
	at com.kms.katalon.core.main.ScriptEngine.runScriptAsRawText(ScriptEngine.java:119)
	at com.kms.katalon.core.main.TestCaseExecutor.runScript(TestCaseExecutor.java:448)
	at com.kms.katalon.core.main.TestCaseExecutor.doExecute(TestCaseExecutor.java:439)
	at com.kms.katalon.core.main.TestCaseExecutor.processExecutionPhase(TestCaseExecutor.java:418)
	at com.kms.katalon.core.main.TestCaseExecutor.accessMainPhase(TestCaseExecutor.java:410)
	at com.kms.katalon.core.main.TestCaseExecutor.execute(TestCaseExecutor.java:285)
	at com.kms.katalon.core.main.TestCaseExecutor.execute(TestCaseExecutor.java:369)
	at com.kms.katalon.core.main.TestCaseExecutor.execute(TestCaseExecutor.java:369)
	at com.kms.katalon.core.main.TestCaseExecutor.execute(TestCaseExecutor.java:369)
	at com.kms.katalon.core.common.CommonExecutor.accessTestCaseMainPhase(CommonExecutor.java:71)
	at com.kms.katalon.core.main.TestSuiteExecutor.accessTestSuiteMainPhase(TestSuiteExecutor.java:160)
	at com.kms.katalon.core.main.TestSuiteExecutor.execute(TestSuiteExecutor.java:107)
	at com.kms.katalon.core.main.TestCaseMain.startTestSuite(TestCaseMain.java:180)
	at TempTestSuite1740332363042.run(TempTestSuite1740332363042.groovy:35)
	at java.base/jdk.internal.reflect.NativeMethodAccessorImpl.invoke0(Native Method)
	at java.base/jdk.internal.reflect.NativeMethodAccessorImpl.invoke(NativeMethodAccessorImpl.java:77)
	at java.base/jdk.internal.reflect.DelegatingMethodAccessorImpl.invoke(DelegatingMethodAccessorImpl.java:43)
Caused by: com.kms.katalon.core.exception.StepFailedException: com.kms.katalon.core.webui.exception.WebElementNotFoundException: Web element with id: 'Object Repository/Header/span_Profile' located by 'internal:text="account_circlearrow_drop_down ableh1"i' not found
	at com.kms.katalon.core.webui.keyword.internal.WebUIKeywordMain.stepFailed(WebUIKeywordMain.groovy:117)
	at com.kms.katalon.core.webui.keyword.builtin.VerifyElementPresentKeyword$_verifyElementPresent_closure1.doCall(VerifyElementPresentKeyword.groovy:85)
	at com.kms.katalon.core.webui.keyword.builtin.VerifyElementPresentKeyword$_verifyElementPresent_closure1.call(VerifyElementPresentKeyword.groovy)
	at com.kms.katalon.core.webui.keyword.internal.WebUIKeywordMain.runKeyword(WebUIKeywordMain.groovy:35)
	... 23 more
)

24-02-2025T00:40:59 - [MESSAGE][FAILED] - com.kms.katalon.core.webui.exception.WebElementNotFoundException: Web element with id: 'Object Repository/Header/span_Profile' located by 'internal:text="account_circlearrow_drop_down ableh1"i' not found (Root cause: com.kms.katalon.core.exception.StepFailedException: com.kms.katalon.core.webui.exception.WebElementNotFoundException: Web element with id: 'Object Repository/Header/span_Profile' located by 'internal:text="account_circlearrow_drop_down ableh1"i' not found
	at com.kms.katalon.core.webui.keyword.internal.WebUIKeywordMain.stepFailed(WebUIKeywordMain.groovy:117)
	at com.kms.katalon.core.webui.keyword.builtin.VerifyElementPresentKeyword$_verifyElementPresent_closure1.doCall(VerifyElementPresentKeyword.groovy:85)
	at com.kms.katalon.core.webui.keyword.builtin.VerifyElementPresentKeyword$_verifyElementPresent_closure1.call(VerifyElementPresentKeyword.groovy)
	at com.kms.katalon.core.webui.keyword.internal.WebUIKeywordMain.runKeyword(WebUIKeywordMain.groovy:35)
	at com.kms.katalon.core.webui.keyword.builtin.VerifyElementPresentKeyword.verifyElementPresent(VerifyElementPresentKeyword.groovy:92)
	at com.kms.katalon.core.webui.keyword.builtin.VerifyElementPresentKeyword.execute(VerifyElementPresentKeyword.groovy:68)
	at com.kms.katalon.core.keyword.internal.KeywordExecutor.executeKeywordForPlatform(KeywordExecutor.groovy:74)
	at com.kms.katalon.core.webui.keyword.WebUiBuiltInKeywords.verifyElementPresent(WebUiBuiltInKeywords.groovy:1540)
	at SC02TC001 Succces Login.run(SC02TC001 Succces Login:38)
	at com.kms.katalon.core.main.ScriptEngine.run(ScriptEngine.java:194)
	at com.kms.katalon.core.main.ScriptEngine.runScriptAsRawText(ScriptEngine.java:119)
	at com.kms.katalon.core.main.TestCaseExecutor.runScript(TestCaseExecutor.java:448)
	at com.kms.katalon.core.main.TestCaseExecutor.doExecute(TestCaseExecutor.java:439)
	at com.kms.katalon.core.main.TestCaseExecutor.processExecutionPhase(TestCaseExecutor.java:418)
	at com.kms.katalon.core.main.TestCaseExecutor.accessMainPhase(TestCaseExecutor.java:410)
	at com.kms.katalon.core.main.TestCaseExecutor.execute(TestCaseExecutor.java:285)
	at com.kms.katalon.core.main.TestCaseExecutor.execute(TestCaseExecutor.java:369)
	at com.kms.katalon.core.main.TestCaseExecutor.execute(TestCaseExecutor.java:369)
	at com.kms.katalon.core.main.TestCaseExecutor.execute(TestCaseExecutor.java:369)
	at com.kms.katalon.core.common.CommonExecutor.accessTestCaseMainPhase(CommonExecutor.java:71)
	at com.kms.katalon.core.main.TestSuiteExecutor.accessTestSuiteMainPhase(TestSuiteExecutor.java:160)
	at com.kms.katalon.core.main.TestSuiteExecutor.execute(TestSuiteExecutor.java:107)
	at com.kms.katalon.core.main.TestCaseMain.startTestSuite(TestCaseMain.java:180)
	at TempTestSuite1740332363042.run(TempTestSuite1740332363042.groovy:35)
	at java.base/jdk.internal.reflect.NativeMethodAccessorImpl.invoke0(Native Method)
	at java.base/jdk.internal.reflect.NativeMethodAccessorImpl.invoke(NativeMethodAccessorImpl.java:77)
	at java.base/jdk.internal.reflect.DelegatingMethodAccessorImpl.invoke(DelegatingMethodAccessorImpl.java:43)
)
[[ATTACHMENT|D:\\Katalon Project\\Git\\KATALON-BOOKCART\\Reports\\20250224_003923\\Login Test Suite\\20250224_003923\\1740332459023.png]]

24-02-2025T00:40:59 - [MESSAGE][FAILED] - Unable to verify object 'Object Repository/Header/span_Profile' is present (Root cause: com.kms.katalon.core.exception.StepFailedException: Unable to verify object 'Object Repository/Header/span_Profile' is present
	at com.kms.katalon.core.webui.keyword.internal.WebUIKeywordMain.stepFailed(WebUIKeywordMain.groovy:117)
	at com.kms.katalon.core.webui.keyword.internal.WebUIKeywordMain.runKeyword(WebUIKeywordMain.groovy:43)
	at com.kms.katalon.core.webui.keyword.builtin.VerifyElementPresentKeyword.verifyElementPresent(VerifyElementPresentKeyword.groovy:92)
	at com.kms.katalon.core.webui.keyword.builtin.VerifyElementPresentKeyword.execute(VerifyElementPresentKeyword.groovy:68)
	at com.kms.katalon.core.keyword.internal.KeywordExecutor.executeKeywordForPlatform(KeywordExecutor.groovy:74)
	at com.kms.katalon.core.webui.keyword.WebUiBuiltInKeywords.verifyElementPresent(WebUiBuiltInKeywords.groovy:1540)
	at SC02TC001 Succces Login.run(SC02TC001 Succces Login:38)
	at com.kms.katalon.core.main.ScriptEngine.run(ScriptEngine.java:194)
	at com.kms.katalon.core.main.ScriptEngine.runScriptAsRawText(ScriptEngine.java:119)
	at com.kms.katalon.core.main.TestCaseExecutor.runScript(TestCaseExecutor.java:448)
	at com.kms.katalon.core.main.TestCaseExecutor.doExecute(TestCaseExecutor.java:439)
	at com.kms.katalon.core.main.TestCaseExecutor.processExecutionPhase(TestCaseExecutor.java:418)
	at com.kms.katalon.core.main.TestCaseExecutor.accessMainPhase(TestCaseExecutor.java:410)
	at com.kms.katalon.core.main.TestCaseExecutor.execute(TestCaseExecutor.java:285)
	at com.kms.katalon.core.main.TestCaseExecutor.execute(TestCaseExecutor.java:369)
	at com.kms.katalon.core.main.TestCaseExecutor.execute(TestCaseExecutor.java:369)
	at com.kms.katalon.core.main.TestCaseExecutor.execute(TestCaseExecutor.java:369)
	at com.kms.katalon.core.common.CommonExecutor.accessTestCaseMainPhase(CommonExecutor.java:71)
	at com.kms.katalon.core.main.TestSuiteExecutor.accessTestSuiteMainPhase(TestSuiteExecutor.java:160)
	at com.kms.katalon.core.main.TestSuiteExecutor.execute(TestSuiteExecutor.java:107)
	at com.kms.katalon.core.main.TestCaseMain.startTestSuite(TestCaseMain.java:180)
	at TempTestSuite1740332363042.run(TempTestSuite1740332363042.groovy:35)
	at java.base/jdk.internal.reflect.NativeMethodAccessorImpl.invoke0(Native Method)
	at java.base/jdk.internal.reflect.NativeMethodAccessorImpl.invoke(NativeMethodAccessorImpl.java:77)
	at java.base/jdk.internal.reflect.DelegatingMethodAccessorImpl.invoke(DelegatingMethodAccessorImpl.java:43)
Caused by: com.kms.katalon.core.exception.StepFailedException: com.kms.katalon.core.webui.exception.WebElementNotFoundException: Web element with id: 'Object Repository/Header/span_Profile' located by 'internal:text="account_circlearrow_drop_down ableh1"i' not found
	at com.kms.katalon.core.webui.keyword.internal.WebUIKeywordMain.stepFailed(WebUIKeywordMain.groovy:117)
	at com.kms.katalon.core.webui.keyword.builtin.VerifyElementPresentKeyword$_verifyElementPresent_closure1.doCall(VerifyElementPresentKeyword.groovy:85)
	at com.kms.katalon.core.webui.keyword.builtin.VerifyElementPresentKeyword$_verifyElementPresent_closure1.call(VerifyElementPresentKeyword.groovy)
	at com.kms.katalon.core.webui.keyword.internal.WebUIKeywordMain.runKeyword(WebUIKeywordMain.groovy:35)
	... 23 more
)
[[ATTACHMENT|D:\\Katalon Project\\Git\\KATALON-BOOKCART\\Reports\\20250224_003923\\Login Test Suite\\20250224_003923\\1740332459164.png]]]]></system-out>
         <system-err><![CDATA[24-02-2025T00:40:48 - [TEST_CASE][FAILED] - Test Cases/Scenario/02. Login/SC02TC001 Succces Login: Test Cases/Scenario/02. Login/SC02TC001 Succces Login FAILED.
Reason:
com.kms.katalon.core.exception.StepFailedException: Unable to verify object 'Object Repository/Header/span_Profile' is present
	at com.kms.katalon.core.webui.keyword.internal.WebUIKeywordMain.stepFailed(WebUIKeywordMain.groovy:117)
	at com.kms.katalon.core.webui.keyword.internal.WebUIKeywordMain.runKeyword(WebUIKeywordMain.groovy:43)
	at com.kms.katalon.core.webui.keyword.builtin.VerifyElementPresentKeyword.verifyElementPresent(VerifyElementPresentKeyword.groovy:92)
	at com.kms.katalon.core.webui.keyword.builtin.VerifyElementPresentKeyword.execute(VerifyElementPresentKeyword.groovy:68)
	at com.kms.katalon.core.keyword.internal.KeywordExecutor.executeKeywordForPlatform(KeywordExecutor.groovy:74)
	at com.kms.katalon.core.webui.keyword.WebUiBuiltInKeywords.verifyElementPresent(WebUiBuiltInKeywords.groovy:1540)
	at SC02TC001 Succces Login.run(SC02TC001 Succces Login:38)
	at com.kms.katalon.core.main.ScriptEngine.run(ScriptEngine.java:194)
	at com.kms.katalon.core.main.ScriptEngine.runScriptAsRawText(ScriptEngine.java:119)
	at com.kms.katalon.core.main.TestCaseExecutor.runScript(TestCaseExecutor.java:448)
	at com.kms.katalon.core.main.TestCaseExecutor.doExecute(TestCaseExecutor.java:439)
	at com.kms.katalon.core.main.TestCaseExecutor.processExecutionPhase(TestCaseExecutor.java:418)
	at com.kms.katalon.core.main.TestCaseExecutor.accessMainPhase(TestCaseExecutor.java:410)
	at com.kms.katalon.core.main.TestCaseExecutor.execute(TestCaseExecutor.java:285)
	at com.kms.katalon.core.main.TestCaseExecutor.execute(TestCaseExecutor.java:369)
	at com.kms.katalon.core.main.TestCaseExecutor.execute(TestCaseExecutor.java:369)
	at com.kms.katalon.core.main.TestCaseExecutor.execute(TestCaseExecutor.java:369)
	at com.kms.katalon.core.common.CommonExecutor.accessTestCaseMainPhase(CommonExecutor.java:71)
	at com.kms.katalon.core.main.TestSuiteExecutor.accessTestSuiteMainPhase(TestSuiteExecutor.java:160)
	at com.kms.katalon.core.main.TestSuiteExecutor.execute(TestSuiteExecutor.java:107)
	at com.kms.katalon.core.main.TestCaseMain.startTestSuite(TestCaseMain.java:180)
	at TempTestSuite1740332363042.run(TempTestSuite1740332363042.groovy:35)
	at java.base/jdk.internal.reflect.NativeMethodAccessorImpl.invoke0(Native Method)
	at java.base/jdk.internal.reflect.NativeMethodAccessorImpl.invoke(NativeMethodAccessorImpl.java:77)
	at java.base/jdk.internal.reflect.DelegatingMethodAccessorImpl.invoke(DelegatingMethodAccessorImpl.java:43)
Caused by: com.kms.katalon.core.exception.StepFailedException: com.kms.katalon.core.webui.exception.WebElementNotFoundException: Web element with id: 'Object Repository/Header/span_Profile' located by 'internal:text="account_circlearrow_drop_down ableh1"i' not found
	at com.kms.katalon.core.webui.keyword.internal.WebUIKeywordMain.stepFailed(WebUIKeywordMain.groovy:117)
	at com.kms.katalon.core.webui.keyword.builtin.VerifyElementPresentKeyword$_verifyElementPresent_closure1.doCall(VerifyElementPresentKeyword.groovy:85)
	at com.kms.katalon.core.webui.keyword.builtin.VerifyElementPresentKeyword$_verifyElementPresent_closure1.call(VerifyElementPresentKeyword.groovy)
	at com.kms.katalon.core.webui.keyword.internal.WebUIKeywordMain.runKeyword(WebUIKeywordMain.groovy:35)
	... 23 more]]></system-err>
      </testcase>
      <system-out><![CDATA[24-02-2025T00:39:28 - [TEST_SUITE][FAILED] - Login Test Suite: Test Cases/Scenario/02. Login/SC02TC001 Succces Login FAILED.
Reason:
com.kms.katalon.core.exception.StepFailedException: Unable to verify object 'Object Repository/Header/span_Profile' is present
	at com.kms.katalon.core.webui.keyword.internal.WebUIKeywordMain.stepFailed(WebUIKeywordMain.groovy:117)
	at com.kms.katalon.core.webui.keyword.internal.WebUIKeywordMain.runKeyword(WebUIKeywordMain.groovy:43)
	at com.kms.katalon.core.webui.keyword.builtin.VerifyElementPresentKeyword.verifyElementPresent(VerifyElementPresentKeyword.groovy:92)
	at com.kms.katalon.core.webui.keyword.builtin.VerifyElementPresentKeyword.execute(VerifyElementPresentKeyword.groovy:68)
	at com.kms.katalon.core.keyword.internal.KeywordExecutor.executeKeywordForPlatform(KeywordExecutor.groovy:74)
	at com.kms.katalon.core.webui.keyword.WebUiBuiltInKeywords.verifyElementPresent(WebUiBuiltInKeywords.groovy:1540)
	at SC02TC001 Succces Login.run(SC02TC001 Succces Login:38)
	at com.kms.katalon.core.main.ScriptEngine.run(ScriptEngine.java:194)
	at com.kms.katalon.core.main.ScriptEngine.runScriptAsRawText(ScriptEngine.java:119)
	at com.kms.katalon.core.main.TestCaseExecutor.runScript(TestCaseExecutor.java:448)
	at com.kms.katalon.core.main.TestCaseExecutor.doExecute(TestCaseExecutor.java:439)
	at com.kms.katalon.core.main.TestCaseExecutor.processExecutionPhase(TestCaseExecutor.java:418)
	at com.kms.katalon.core.main.TestCaseExecutor.accessMainPhase(TestCaseExecutor.java:410)
	at com.kms.katalon.core.main.TestCaseExecutor.execute(TestCaseExecutor.java:285)
	at com.kms.katalon.core.common.CommonExecutor.accessTestCaseMainPhase(CommonExecutor.java:71)
	at com.kms.katalon.core.main.TestSuiteExecutor.accessTestSuiteMainPhase(TestSuiteExecutor.java:160)
	at com.kms.katalon.core.main.TestSuiteExecutor.execute(TestSuiteExecutor.java:107)
	at com.kms.katalon.core.main.TestCaseMain.startTestSuite(TestCaseMain.java:180)
	at TempTestSuite1740332363042.run(TempTestSuite1740332363042.groovy:35)
	at java.base/jdk.internal.reflect.NativeMethodAccessorImpl.invoke0(Native Method)
	at java.base/jdk.internal.reflect.NativeMethodAccessorImpl.invoke(NativeMethodAccessorImpl.java:77)
	at java.base/jdk.internal.reflect.DelegatingMethodAccessorImpl.invoke(DelegatingMethodAccessorImpl.java:43)
Caused by: com.kms.katalon.core.exception.StepFailedException: com.kms.katalon.core.webui.exception.WebElementNotFoundException: Web element with id: 'Object Repository/Header/span_Profile' located by 'internal:text="account_circlearrow_drop_down ableh1"i' not found
	at com.kms.katalon.core.webui.keyword.internal.WebUIKeywordMain.stepFailed(WebUIKeywordMain.groovy:117)
	at com.kms.katalon.core.webui.keyword.builtin.VerifyElementPresentKeyword$_verifyElementPresent_closure1.doCall(VerifyElementPresentKeyword.groovy:85)
	at com.kms.katalon.core.webui.keyword.builtin.VerifyElementPresentKeyword$_verifyElementPresent_closure1.call(VerifyElementPresentKeyword.groovy)
	at com.kms.katalon.core.webui.keyword.internal.WebUIKeywordMain.runKeyword(WebUIKeywordMain.groovy:35)
	... 20 more]]></system-out>
      <system-err><![CDATA[24-02-2025T00:39:28 - [TEST_SUITE][FAILED] - Login Test Suite: Test Cases/Scenario/02. Login/SC02TC001 Succces Login FAILED.
Reason:
com.kms.katalon.core.exception.StepFailedException: Unable to verify object 'Object Repository/Header/span_Profile' is present
	at com.kms.katalon.core.webui.keyword.internal.WebUIKeywordMain.stepFailed(WebUIKeywordMain.groovy:117)
	at com.kms.katalon.core.webui.keyword.internal.WebUIKeywordMain.runKeyword(WebUIKeywordMain.groovy:43)
	at com.kms.katalon.core.webui.keyword.builtin.VerifyElementPresentKeyword.verifyElementPresent(VerifyElementPresentKeyword.groovy:92)
	at com.kms.katalon.core.webui.keyword.builtin.VerifyElementPresentKeyword.execute(VerifyElementPresentKeyword.groovy:68)
	at com.kms.katalon.core.keyword.internal.KeywordExecutor.executeKeywordForPlatform(KeywordExecutor.groovy:74)
	at com.kms.katalon.core.webui.keyword.WebUiBuiltInKeywords.verifyElementPresent(WebUiBuiltInKeywords.groovy:1540)
	at SC02TC001 Succces Login.run(SC02TC001 Succces Login:38)
	at com.kms.katalon.core.main.ScriptEngine.run(ScriptEngine.java:194)
	at com.kms.katalon.core.main.ScriptEngine.runScriptAsRawText(ScriptEngine.java:119)
	at com.kms.katalon.core.main.TestCaseExecutor.runScript(TestCaseExecutor.java:448)
	at com.kms.katalon.core.main.TestCaseExecutor.doExecute(TestCaseExecutor.java:439)
	at com.kms.katalon.core.main.TestCaseExecutor.processExecutionPhase(TestCaseExecutor.java:418)
	at com.kms.katalon.core.main.TestCaseExecutor.accessMainPhase(TestCaseExecutor.java:410)
	at com.kms.katalon.core.main.TestCaseExecutor.execute(TestCaseExecutor.java:285)
	at com.kms.katalon.core.common.CommonExecutor.accessTestCaseMainPhase(CommonExecutor.java:71)
	at com.kms.katalon.core.main.TestSuiteExecutor.accessTestSuiteMainPhase(TestSuiteExecutor.java:160)
	at com.kms.katalon.core.main.TestSuiteExecutor.execute(TestSuiteExecutor.java:107)
	at com.kms.katalon.core.main.TestCaseMain.startTestSuite(TestCaseMain.java:180)
	at TempTestSuite1740332363042.run(TempTestSuite1740332363042.groovy:35)
	at java.base/jdk.internal.reflect.NativeMethodAccessorImpl.invoke0(Native Method)
	at java.base/jdk.internal.reflect.NativeMethodAccessorImpl.invoke(NativeMethodAccessorImpl.java:77)
	at java.base/jdk.internal.reflect.DelegatingMethodAccessorImpl.invoke(DelegatingMethodAccessorImpl.java:43)
Caused by: com.kms.katalon.core.exception.StepFailedException: com.kms.katalon.core.webui.exception.WebElementNotFoundException: Web element with id: 'Object Repository/Header/span_Profile' located by 'internal:text="account_circlearrow_drop_down ableh1"i' not found
	at com.kms.katalon.core.webui.keyword.internal.WebUIKeywordMain.stepFailed(WebUIKeywordMain.groovy:117)
	at com.kms.katalon.core.webui.keyword.builtin.VerifyElementPresentKeyword$_verifyElementPresent_closure1.doCall(VerifyElementPresentKeyword.groovy:85)
	at com.kms.katalon.core.webui.keyword.builtin.VerifyElementPresentKeyword$_verifyElementPresent_closure1.call(VerifyElementPresentKeyword.groovy)
	at com.kms.katalon.core.webui.keyword.internal.WebUIKeywordMain.runKeyword(WebUIKeywordMain.groovy:35)
	... 20 more]]></system-err>
   </testsuite>
</testsuites>
